Unity Editor version:    2020.3.26f1 (7298b473bc1a)
Branch:                  2020.3/staging
Build type:              Release
Batch mode:              YES
macOS version:           Version 10.14.6 (Build 18G9323)
Darwin version:          18.7.0
Architecture:            x86_64
Running under Rosetta:   NO
Available memory:        8192 MB
Using pre-set license
Pro License: NO

COMMAND LINE ARGUMENTS:
/Applications/Unity/Hub/Editor/2020.3.26f1/Unity.app/Contents/MacOS/Unity
-adb2
-batchMode
-noUpm
-name
AssetImportWorker0
-projectPath
/Users/damaris/Documents/GitHub/SpaceRace/Spaceoroni
-logFile
Logs/AssetImportWorker0.log
-srvPort
49661
Successfully changed project path to: /Users/damaris/Documents/GitHub/SpaceRace/Spaceoroni
/Users/damaris/Documents/GitHub/SpaceRace/Spaceoroni
Using Asset Import Pipeline V2.
Refreshing native plugins compatible for Editor in 85.99 ms, found 2 plugins.
Preloading 0 native plugins for Editor in 0.00 ms.
Initialize engine version: 2020.3.26f1 (7298b473bc1a)
[Subsystems] Discovering subsystems at path /Applications/Unity/Hub/Editor/2020.3.26f1/Unity.app/Contents/Resources/UnitySubsystems
[Subsystems] Discovering subsystems at path /Users/damaris/Documents/GitHub/SpaceRace/Spaceoroni/Assets
GfxDevice: creating device client; threaded=0
2022-04-06 19:57:29.231 Unity[1270:12045] Color LCD preferred device: Intel(R) Iris(TM) Plus Graphics 640 (low power)
2022-04-06 19:57:29.231 Unity[1270:12045] Metal devices available: 1
2022-04-06 19:57:29.231 Unity[1270:12045] 0: Intel(R) Iris(TM) Plus Graphics 640 (low power)
2022-04-06 19:57:29.232 Unity[1270:12045] Using device Intel(R) Iris(TM) Plus Graphics 640 (low power)
Initializing Metal device caps: Intel(R) Iris(TM) Plus Graphics 640
Initialize mono
Mono path[0] = '/Applications/Unity/Hub/Editor/2020.3.26f1/Unity.app/Contents/Managed'
Mono path[1] = '/Applications/Unity/Hub/Editor/2020.3.26f1/Unity.app/Contents/MonoBleedingEdge/lib/mono/unityjit'
Mono config path = '/Applications/Unity/Hub/Editor/2020.3.26f1/Unity.app/Contents/MonoBleedingEdge/etc'
Using monoOptions --debugger-agent=transport=dt_socket,embedding=1,server=y,suspend=n,address=127.0.0.1:56270
Begin MonoManager ReloadAssembly
Registering precompiled unity dll's ...
Register platform support module: /Applications/Unity/Hub/Editor/2020.3.26f1/PlaybackEngines/WebGLSupport/UnityEditor.WebGL.Extensions.dll
Register platform support module: /Applications/Unity/Hub/Editor/2020.3.26f1/Unity.app/Contents/PlaybackEngines/MacStandaloneSupport/UnityEditor.OSXStandalone.Extensions.dll
Registered in 0.004265 seconds.
Native extension for OSXStandalone target not found
Native extension for WebGL target not found
Refreshing native plugins compatible for Editor in 78.99 ms, found 2 plugins.
Preloading 0 native plugins for Editor in 0.00 ms.
Mono: successfully reloaded assembly
- Completed reload, in  0.801 seconds
Domain Reload Profiling:
	ReloadAssembly (801ms)
		BeginReloadAssembly (48ms)
			ExecutionOrderSort (0ms)
			DisableScriptedObjects (0ms)
			BackupInstance (0ms)
			ReleaseScriptingObjects (0ms)
			CreateAndSetChildDomain (1ms)
		EndReloadAssembly (654ms)
			LoadAssemblies (52ms)
			RebuildTransferFunctionScriptingTraits (0ms)
			SetupTypeCache (235ms)
			ReleaseScriptCaches (0ms)
			RebuildScriptCaches (50ms)
			SetupLoadedEditorAssemblies (258ms)
				LogAssemblyErrors (0ms)
				InitializePlatformSupportModulesInManaged (6ms)
				SetLoadedEditorAssemblies (0ms)
				RefreshPlugins (79ms)
				BeforeProcessingInitializeOnLoad (9ms)
				ProcessInitializeOnLoadAttributes (124ms)
				ProcessInitializeOnLoadMethodAttributes (39ms)
				AfterProcessingInitializeOnLoad (0ms)
				EditorAssembliesLoaded (0ms)
			ExecutionOrderSort2 (0ms)
			AwakeInstancesAfterBackupRestoration (0ms)
Platform modules already initialized, skipping
Registering precompiled user dll's ...
Registered in 0.021584 seconds.
Begin MonoManager ReloadAssembly
Native extension for OSXStandalone target not found
Native extension for WebGL target not found
Refreshing native plugins compatible for Editor in 81.00 ms, found 2 plugins.
Preloading 0 native plugins for Editor in 0.00 ms.
Mono: successfully reloaded assembly
- Completed reload, in  1.692 seconds
Domain Reload Profiling:
	ReloadAssembly (1694ms)
		BeginReloadAssembly (174ms)
			ExecutionOrderSort (0ms)
			DisableScriptedObjects (6ms)
			BackupInstance (0ms)
			ReleaseScriptingObjects (0ms)
			CreateAndSetChildDomain (34ms)
		EndReloadAssembly (1442ms)
			LoadAssemblies (181ms)
			RebuildTransferFunctionScriptingTraits (0ms)
			SetupTypeCache (516ms)
			ReleaseScriptCaches (1ms)
			RebuildScriptCaches (100ms)
			SetupLoadedEditorAssemblies (484ms)
				LogAssemblyErrors (0ms)
				InitializePlatformSupportModulesInManaged (6ms)
				SetLoadedEditorAssemblies (0ms)
				RefreshPlugins (81ms)
				BeforeProcessingInitializeOnLoad (84ms)
				ProcessInitializeOnLoadAttributes (294ms)
				ProcessInitializeOnLoadMethodAttributes (17ms)
				AfterProcessingInitializeOnLoad (1ms)
				EditorAssembliesLoaded (0ms)
			ExecutionOrderSort2 (0ms)
			AwakeInstancesAfterBackupRestoration (9ms)
Platform modules already initialized, skipping
Validating Project structure ... 0.024014 seconds.
Shader import version has changed; will reimport all shaders...
Upgrading shader files ...0.078085 seconds.
Application.AssetDatabase Initial Script Refresh Start
RefreshInfo: InitialScriptRefreshV2(NoUpdateAssetOptions) scanfilter:  ... 1 filters
RefreshProfiler: Total: 0.000ms
Application.AssetDatabase Initial Script Refresh End
Application.AssetDatabase.Refresh Start
Application.AssetDatabase.Refresh End
RefreshInfo: StopAssetImportingV2(ForceSynchronousImport) scanfilter: 
RefreshProfiler: Total: 0.000ms
Launching external process: /Applications/Unity/Hub/Editor/2020.3.26f1/Unity.app/Contents/Tools/UnityShaderCompiler
Launched and connected shader compiler UnityShaderCompiler after 0.03 seconds
Initializing Unity extensions:
========================================================================
Worker process is ready to serve import requests
Refreshing native plugins compatible for Editor in 0.92 ms, found 2 plugins.
Preloading 0 native plugins for Editor in 0.00 ms.
Unloading 3671 Unused Serialized files (Serialized files now loaded: 0)
System memory in use before: 363.1 MB.
System memory in use after: 362.8 MB.

Unloading 510 unused Assets to reduce memory usage. Loaded Objects now: 4144.
Total: 5.787658 ms (FindLiveObjects: 0.473688 ms CreateObjectMapping: 0.262370 ms MarkObjects: 4.499791 ms  DeleteObjects: 0.550586 ms)

AssetImportParameters requested are different than current active one (requested -> active):
  custom:video-decoder-ogg-theora: a1e56fd34408186e4bbccfd4996cb3dc -> 
  custom:container-muxer-webm: aa71ff27fc2769a1b78a27578f13a17b -> 
  custom:container-demuxer-webm: 4f35f7cbe854078d1ac9338744f61a02 -> 
  custom:container-demuxer-ogg: 62fdf1f143b41e24485cea50d1cbac27 -> 
  custom:video-encoder-webm-vp8: eb34c28f22e8b96e1ab97ce403110664 -> 
  custom:framework-osx-AVFoundation: b23960f63f64bdc6ff669e2cdcee2391 -> 
  custom:video-decoder-webm-vp8: 9c59270c3fd7afecdb556c50c9e8de78 -> 
  custom:audio-decoder-ogg-vorbis: bf7c407c2cedff20999df2af8eb42d56 -> 
  custom:audio-encoder-webm-vorbis: bf7c407c2cedff20999df2af8eb42d56 -> 
========================================================================
Received Import Request.
  path: Assets/Prefabs/RocketAnim/EndAnim2.fbx
  artifactKey: Guid(075578366daec46169097b0f83a68aff) Importer(815301076,1909f56bfc062723c751e8b465ee728b)
Start importing Assets/Prefabs/RocketAnim/EndAnim2.fbx using Guid(075578366daec46169097b0f83a68aff) Importer(815301076,1909f56bfc062723c751e8b465ee728b)  -> (artifact id: 'c08afddecc2acc83cc439a072617c7cf') in 0.674010 seconds 
  Import took 0.689832 seconds .

========================================================================
Received Import Request.
  Time since last request: 4.380140 seconds.
  path: Assets/Prefabs/RocketAnim/End_JeffAnim.fbx
  artifactKey: Guid(97d41aa8c960949d4b75d64a7a1267f0) Importer(815301076,1909f56bfc062723c751e8b465ee728b)
Start importing Assets/Prefabs/RocketAnim/End_JeffAnim.fbx using Guid(97d41aa8c960949d4b75d64a7a1267f0) Importer(815301076,1909f56bfc062723c751e8b465ee728b)  -> (artifact id: '87319b38ad7370a12c8d49315b89a774') in 0.148062 seconds 
  Import took 0.157166 seconds .

========================================================================
Received Import Request.
  Time since last request: 245.577740 seconds.
  path: Assets/Prefabs/RocketAnim/End_ElonAnim.fbx
  artifactKey: Guid(d3abf4c6bdce3450aa661fa5c5873117) Importer(815301076,1909f56bfc062723c751e8b465ee728b)
Start importing Assets/Prefabs/RocketAnim/End_ElonAnim.fbx using Guid(d3abf4c6bdce3450aa661fa5c5873117) Importer(815301076,1909f56bfc062723c751e8b465ee728b)  -> (artifact id: '11701165b846aa4436aba8e1e2341546') in 0.173884 seconds 
  Import took 0.211180 seconds .

========================================================================
Received Import Request.
  Time since last request: 45.277220 seconds.
  path: Assets/Prefabs/RocketAnim/EndAnim 1
  artifactKey: Guid(3ce269cac710e4532a8d82434e912dd3) Importer(815301076,1909f56bfc062723c751e8b465ee728b)
Start importing Assets/Prefabs/RocketAnim/EndAnim 1 using Guid(3ce269cac710e4532a8d82434e912dd3) Importer(815301076,1909f56bfc062723c751e8b465ee728b)  -> (artifact id: '7570a8caeed3c92fc05146fd191ccf23') in 0.002800 seconds 
  Import took 0.014251 seconds .

========================================================================
Received Import Request.
  Time since last request: 26.998194 seconds.
  path: Assets/Prefabs/RocketAnim/EndAnim_
  artifactKey: Guid(3ce269cac710e4532a8d82434e912dd3) Importer(815301076,1909f56bfc062723c751e8b465ee728b)
Start importing Assets/Prefabs/RocketAnim/EndAnim_ using Guid(3ce269cac710e4532a8d82434e912dd3) Importer(815301076,1909f56bfc062723c751e8b465ee728b)  -> (artifact id: 'b362abceee2b3af44e3d3481cf0e2cd6') in 0.002453 seconds 
  Import took 0.015155 seconds .

========================================================================
Received Import Request.
  Time since last request: 91.562322 seconds.
  path: Assets/Prefabs/RocketAnim/EndAnim_/Blend_EndAnim.fbx
  artifactKey: Guid(075578366daec46169097b0f83a68aff) Importer(815301076,1909f56bfc062723c751e8b465ee728b)
Start importing Assets/Prefabs/RocketAnim/EndAnim_/Blend_EndAnim.fbx using Guid(075578366daec46169097b0f83a68aff) Importer(815301076,1909f56bfc062723c751e8b465ee728b)  -> (artifact id: 'ce547b7fb26e8b4de262bd5ada4fe270') in 0.154697 seconds 
  Import took 0.168071 seconds .

