Unity Editor version:    2020.3.26f1 (7298b473bc1a)
Branch:                  2020.3/staging
Build type:              Release
Batch mode:              YES
macOS version:           Version 10.14.6 (Build 18G9323)
Darwin version:          18.7.0
Architecture:            x86_64
Running under Rosetta:   NO
Available memory:        8192 MB
Using pre-set license
Pro License: NO

COMMAND LINE ARGUMENTS:
/Applications/Unity/Hub/Editor/2020.3.26f1/Unity.app/Contents/MacOS/Unity
-adb2
-batchMode
-noUpm
-name
AssetImportWorker0
-projectPath
/Users/damaris/Documents/GitHub/SpaceRace/Spaceoroni
-logFile
Logs/AssetImportWorker0.log
-srvPort
56586
Successfully changed project path to: /Users/damaris/Documents/GitHub/SpaceRace/Spaceoroni
/Users/damaris/Documents/GitHub/SpaceRace/Spaceoroni
Using Asset Import Pipeline V2.
Refreshing native plugins compatible for Editor in 82.33 ms, found 2 plugins.
Preloading 0 native plugins for Editor in 0.00 ms.
Initialize engine version: 2020.3.26f1 (7298b473bc1a)
[Subsystems] Discovering subsystems at path /Applications/Unity/Hub/Editor/2020.3.26f1/Unity.app/Contents/Resources/UnitySubsystems
[Subsystems] Discovering subsystems at path /Users/damaris/Documents/GitHub/SpaceRace/Spaceoroni/Assets
GfxDevice: creating device client; threaded=0
2022-04-08 18:28:06.162 Unity[3465:78461] Color LCD preferred device: Intel(R) Iris(TM) Plus Graphics 640 (low power)
2022-04-08 18:28:06.162 Unity[3465:78461] Metal devices available: 1
2022-04-08 18:28:06.162 Unity[3465:78461] 0: Intel(R) Iris(TM) Plus Graphics 640 (low power)
2022-04-08 18:28:06.162 Unity[3465:78461] Using device Intel(R) Iris(TM) Plus Graphics 640 (low power)
Initializing Metal device caps: Intel(R) Iris(TM) Plus Graphics 640
Initialize mono
Mono path[0] = '/Applications/Unity/Hub/Editor/2020.3.26f1/Unity.app/Contents/Managed'
Mono path[1] = '/Applications/Unity/Hub/Editor/2020.3.26f1/Unity.app/Contents/MonoBleedingEdge/lib/mono/unityjit'
Mono config path = '/Applications/Unity/Hub/Editor/2020.3.26f1/Unity.app/Contents/MonoBleedingEdge/etc'
Using monoOptions --debugger-agent=transport=dt_socket,embedding=1,server=y,suspend=n,address=127.0.0.1:56465
Begin MonoManager ReloadAssembly
Registering precompiled unity dll's ...
Register platform support module: /Applications/Unity/Hub/Editor/2020.3.26f1/PlaybackEngines/WebGLSupport/UnityEditor.WebGL.Extensions.dll
Register platform support module: /Applications/Unity/Hub/Editor/2020.3.26f1/Unity.app/Contents/PlaybackEngines/MacStandaloneSupport/UnityEditor.OSXStandalone.Extensions.dll
Registered in 0.004487 seconds.
Native extension for OSXStandalone target not found
Native extension for WebGL target not found
Refreshing native plugins compatible for Editor in 84.46 ms, found 2 plugins.
Preloading 0 native plugins for Editor in 0.00 ms.
Mono: successfully reloaded assembly
- Completed reload, in  0.812 seconds
Domain Reload Profiling:
	ReloadAssembly (812ms)
		BeginReloadAssembly (46ms)
			ExecutionOrderSort (0ms)
			DisableScriptedObjects (0ms)
			BackupInstance (0ms)
			ReleaseScriptingObjects (0ms)
			CreateAndSetChildDomain (2ms)
		EndReloadAssembly (673ms)
			LoadAssemblies (49ms)
			RebuildTransferFunctionScriptingTraits (0ms)
			SetupTypeCache (238ms)
			ReleaseScriptCaches (0ms)
			RebuildScriptCaches (49ms)
			SetupLoadedEditorAssemblies (271ms)
				LogAssemblyErrors (0ms)
				InitializePlatformSupportModulesInManaged (6ms)
				SetLoadedEditorAssemblies (0ms)
				RefreshPlugins (85ms)
				BeforeProcessingInitializeOnLoad (11ms)
				ProcessInitializeOnLoadAttributes (133ms)
				ProcessInitializeOnLoadMethodAttributes (36ms)
				AfterProcessingInitializeOnLoad (0ms)
				EditorAssembliesLoaded (0ms)
			ExecutionOrderSort2 (0ms)
			AwakeInstancesAfterBackupRestoration (0ms)
Platform modules already initialized, skipping
Registering precompiled user dll's ...
Registered in 0.015734 seconds.
Begin MonoManager ReloadAssembly
Native extension for OSXStandalone target not found
Native extension for WebGL target not found
Refreshing native plugins compatible for Editor in 78.93 ms, found 2 plugins.
Preloading 0 native plugins for Editor in 0.00 ms.
Mono: successfully reloaded assembly
- Completed reload, in  1.722 seconds
Domain Reload Profiling:
	ReloadAssembly (1724ms)
		BeginReloadAssembly (230ms)
			ExecutionOrderSort (0ms)
			DisableScriptedObjects (10ms)
			BackupInstance (0ms)
			ReleaseScriptingObjects (0ms)
			CreateAndSetChildDomain (38ms)
		EndReloadAssembly (1414ms)
			LoadAssemblies (192ms)
			RebuildTransferFunctionScriptingTraits (0ms)
			SetupTypeCache (494ms)
			ReleaseScriptCaches (1ms)
			RebuildScriptCaches (96ms)
			SetupLoadedEditorAssemblies (479ms)
				LogAssemblyErrors (0ms)
				InitializePlatformSupportModulesInManaged (5ms)
				SetLoadedEditorAssemblies (0ms)
				RefreshPlugins (79ms)
				BeforeProcessingInitializeOnLoad (82ms)
				ProcessInitializeOnLoadAttributes (293ms)
				ProcessInitializeOnLoadMethodAttributes (17ms)
				AfterProcessingInitializeOnLoad (1ms)
				EditorAssembliesLoaded (0ms)
			ExecutionOrderSort2 (0ms)
			AwakeInstancesAfterBackupRestoration (8ms)
Platform modules already initialized, skipping
Validating Project structure ... 0.025214 seconds.
Shader import version has changed; will reimport all shaders...
Upgrading shader files ...0.079065 seconds.
Application.AssetDatabase Initial Script Refresh Start
RefreshInfo: InitialScriptRefreshV2(NoUpdateAssetOptions) scanfilter:  ... 1 filters
RefreshProfiler: Total: 0.000ms
Application.AssetDatabase Initial Script Refresh End
Application.AssetDatabase.Refresh Start
Application.AssetDatabase.Refresh End
RefreshInfo: StopAssetImportingV2(ForceSynchronousImport) scanfilter: 
RefreshProfiler: Total: 0.000ms
Launching external process: /Applications/Unity/Hub/Editor/2020.3.26f1/Unity.app/Contents/Tools/UnityShaderCompiler
Launched and connected shader compiler UnityShaderCompiler after 0.03 seconds
Initializing Unity extensions:
========================================================================
Worker process is ready to serve import requests
Refreshing native plugins compatible for Editor in 1.14 ms, found 2 plugins.
Preloading 0 native plugins for Editor in 0.00 ms.
Unloading 3671 Unused Serialized files (Serialized files now loaded: 0)
System memory in use before: 363.1 MB.
System memory in use after: 362.7 MB.

Unloading 510 unused Assets to reduce memory usage. Loaded Objects now: 4144.
Total: 5.528553 ms (FindLiveObjects: 0.482707 ms CreateObjectMapping: 0.288524 ms MarkObjects: 4.298387 ms  DeleteObjects: 0.457236 ms)

AssetImportParameters requested are different than current active one (requested -> active):
  custom:video-decoder-ogg-theora: a1e56fd34408186e4bbccfd4996cb3dc -> 
  custom:container-muxer-webm: aa71ff27fc2769a1b78a27578f13a17b -> 
  custom:container-demuxer-webm: 4f35f7cbe854078d1ac9338744f61a02 -> 
  custom:container-demuxer-ogg: 62fdf1f143b41e24485cea50d1cbac27 -> 
  custom:video-encoder-webm-vp8: eb34c28f22e8b96e1ab97ce403110664 -> 
  custom:framework-osx-AVFoundation: b23960f63f64bdc6ff669e2cdcee2391 -> 
  custom:video-decoder-webm-vp8: 9c59270c3fd7afecdb556c50c9e8de78 -> 
  custom:audio-decoder-ogg-vorbis: bf7c407c2cedff20999df2af8eb42d56 -> 
  custom:audio-encoder-webm-vorbis: bf7c407c2cedff20999df2af8eb42d56 -> 
========================================================================
Received Import Request.
  path: Assets/Prefabs/rocketAnim01.fbx
  artifactKey: Guid(5a10f983357334fbe8f8a359920b04a2) Importer(815301076,1909f56bfc062723c751e8b465ee728b)
Start importing Assets/Prefabs/rocketAnim01.fbx using Guid(5a10f983357334fbe8f8a359920b04a2) Importer(815301076,1909f56bfc062723c751e8b465ee728b)  -> (artifact id: 'e6e30c469dafd9aa74c37f4fb9b5a7b0') in 0.386141 seconds 
  Import took 0.398614 seconds .

========================================================================
Received Import Request.
  Time since last request: 23.830465 seconds.
  path: Assets/Prefabs/rocketAnimations
  artifactKey: Guid(4daaea884af3d4853802d619ef6568aa) Importer(815301076,1909f56bfc062723c751e8b465ee728b)
Start importing Assets/Prefabs/rocketAnimations using Guid(4daaea884af3d4853802d619ef6568aa) Importer(815301076,1909f56bfc062723c751e8b465ee728b)  -> (artifact id: 'dc85509690f87f4eb2784aca27410e2b') in 0.003822 seconds 
  Import took 0.017841 seconds .

========================================================================
Received Import Request.
  Time since last request: 8.651302 seconds.
  path: Assets/Prefabs/rocketAnimations/rocketAnim01.fbx
  artifactKey: Guid(4550d2387d5194fe4a75fdf496b56f8b) Importer(815301076,1909f56bfc062723c751e8b465ee728b)
Start importing Assets/Prefabs/rocketAnimations/rocketAnim01.fbx using Guid(4550d2387d5194fe4a75fdf496b56f8b) Importer(815301076,1909f56bfc062723c751e8b465ee728b)  -> (artifact id: 'a6f8e92ad657c548a2d7bc430a72c2e0') in 0.009839 seconds 
  Import took 0.018237 seconds .

========================================================================
Received Import Request.
  Time since last request: 66.126841 seconds.
  path: Assets/Prefabs/rocketAnimations/rocketAnim02.fbx
  artifactKey: Guid(a3c2f84d41f36464192613cb3ba1502a) Importer(815301076,1909f56bfc062723c751e8b465ee728b)
Start importing Assets/Prefabs/rocketAnimations/rocketAnim02.fbx using Guid(a3c2f84d41f36464192613cb3ba1502a) Importer(815301076,1909f56bfc062723c751e8b465ee728b)  -> (artifact id: 'd8c196895f2006f40ad545b2fa031cae') in 1.019448 seconds 
  Import took 1.034966 seconds .

========================================================================
Received Import Request.
  Time since last request: 345.023674 seconds.
  path: Assets/Prefabs/rocketAnimations/rocketAnim002.fbx
  artifactKey: Guid(0f7f98bae3ed24adaabdf22cda215eb6) Importer(815301076,1909f56bfc062723c751e8b465ee728b)
Start importing Assets/Prefabs/rocketAnimations/rocketAnim002.fbx using Guid(0f7f98bae3ed24adaabdf22cda215eb6) Importer(815301076,1909f56bfc062723c751e8b465ee728b)  -> (artifact id: '3da962ff94a885f437a7007b802c2a14') in 0.021122 seconds 
  Import took 0.029351 seconds .

========================================================================
Received Import Request.
  Time since last request: 57.547429 seconds.
  path: Assets/Prefabs/rocketAnimations/rocketAnim002.fbx
  artifactKey: Guid(0f7f98bae3ed24adaabdf22cda215eb6) Importer(815301076,1909f56bfc062723c751e8b465ee728b)
Start importing Assets/Prefabs/rocketAnimations/rocketAnim002.fbx using Guid(0f7f98bae3ed24adaabdf22cda215eb6) Importer(815301076,1909f56bfc062723c751e8b465ee728b)  -> (artifact id: 'be78b3fb05c1b2941bcfdbaea9f805f4') in 0.614460 seconds 
  Import took 0.630062 seconds .

========================================================================
Received Import Request.
  Time since last request: 347.628849 seconds.
  path: Assets/Prefabs/rocketAnimations/rocket002.fbx
  artifactKey: Guid(dc929eabeb259454e96537376c5516c8) Importer(815301076,1909f56bfc062723c751e8b465ee728b)
Start importing Assets/Prefabs/rocketAnimations/rocket002.fbx using Guid(dc929eabeb259454e96537376c5516c8) Importer(815301076,1909f56bfc062723c751e8b465ee728b)  -> (artifact id: '7d80f89e5c8d63ac20fb77a3f7c589f1') in 0.596611 seconds 
  Import took 0.617711 seconds .

========================================================================
Received Import Request.
  Time since last request: 2068.227328 seconds.
  path: Assets/Prefabs/rocketAnimations/rocket003.fbx
  artifactKey: Guid(16aba77c9bff94ebfa116aa48069ff03) Importer(815301076,1909f56bfc062723c751e8b465ee728b)
Start importing Assets/Prefabs/rocketAnimations/rocket003.fbx using Guid(16aba77c9bff94ebfa116aa48069ff03) Importer(815301076,1909f56bfc062723c751e8b465ee728b)  -> (artifact id: '109248703d1f2c1eb51f1456e05a5299') in 0.843855 seconds 
  Import took 0.861971 seconds .

========================================================================
Received Import Request.
  Time since last request: 117.947873 seconds.
  path: Assets/Prefabs/rocketAnimations/rocket03.fbx
  artifactKey: Guid(a8dad480d28ec403ba122216c356d055) Importer(815301076,1909f56bfc062723c751e8b465ee728b)
Start importing Assets/Prefabs/rocketAnimations/rocket03.fbx using Guid(a8dad480d28ec403ba122216c356d055) Importer(815301076,1909f56bfc062723c751e8b465ee728b)  -> (artifact id: '5e36b6be54b61c269e662778aca64aec') in 0.804287 seconds 
  Import took 0.825115 seconds .

========================================================================
Received Import Request.
  Time since last request: 92.266789 seconds.
  path: Assets/Prefabs/rocketAnimations/rocket0003.fbx
  artifactKey: Guid(cae876eeaf5d243078f31b456bd9aca1) Importer(815301076,1909f56bfc062723c751e8b465ee728b)
Start importing Assets/Prefabs/rocketAnimations/rocket0003.fbx using Guid(cae876eeaf5d243078f31b456bd9aca1) Importer(815301076,1909f56bfc062723c751e8b465ee728b)  -> (artifact id: '67f7113c933d4d876ffd3416541c1aac') in 0.885266 seconds 
  Import took 0.905044 seconds .

========================================================================
Received Import Request.
  Time since last request: 329.822033 seconds.
  path: Assets/Prefabs/rocketAnimations/rocket04.fbx
  artifactKey: Guid(417b2cda5c7b740b48b950f7c63c3d7e) Importer(815301076,1909f56bfc062723c751e8b465ee728b)
Start importing Assets/Prefabs/rocketAnimations/rocket04.fbx using Guid(417b2cda5c7b740b48b950f7c63c3d7e) Importer(815301076,1909f56bfc062723c751e8b465ee728b)  -> (artifact id: '002d85a6bce23890d2bd72fe5255d6a2') in 0.936523 seconds 
  Import took 0.954806 seconds .

========================================================================
Received Import Request.
  Time since last request: 517.222098 seconds.
  path: Assets/Prefabs/rocketAnimations/New Animator Controller.controller
  artifactKey: Guid(9d44414b11ed34b49a66f07fcd47f5eb) Importer(815301076,1909f56bfc062723c751e8b465ee728b)
Start importing Assets/Prefabs/rocketAnimations/New Animator Controller.controller using Guid(9d44414b11ed34b49a66f07fcd47f5eb) Importer(815301076,1909f56bfc062723c751e8b465ee728b)  -> (artifact id: 'f7bc58ede8b55a23cd289e62f1142a4a') in 0.301637 seconds 
  Import took 0.317131 seconds .

========================================================================
Received Import Request.
  Time since last request: 72.552238 seconds.
  path: Assets/_Scripts/Level.cs
  artifactKey: Guid(a3b665ccb6a771c479c98374b3ad07a5) Importer(815301076,1909f56bfc062723c751e8b465ee728b)
Start importing Assets/_Scripts/Level.cs using Guid(a3b665ccb6a771c479c98374b3ad07a5) Importer(815301076,1909f56bfc062723c751e8b465ee728b)  -> (artifact id: '93794b8c226995f320b5e97e3c62d77a') in 0.338143 seconds 
  Import took 0.371332 seconds .

========================================================================
Received Prepare
Registering precompiled user dll's ...
Registered in 0.010785 seconds.
Begin MonoManager ReloadAssembly
Native extension for OSXStandalone target not found
Native extension for WebGL target not found
Refreshing native plugins compatible for Editor in 0.94 ms, found 2 plugins.
Preloading 0 native plugins for Editor in 0.00 ms.
Mono: successfully reloaded assembly
- Completed reload, in  1.868 seconds
Domain Reload Profiling:
	ReloadAssembly (1871ms)
		BeginReloadAssembly (306ms)
			ExecutionOrderSort (0ms)
			DisableScriptedObjects (26ms)
			BackupInstance (0ms)
			ReleaseScriptingObjects (0ms)
			CreateAndSetChildDomain (179ms)
		EndReloadAssembly (1477ms)
			LoadAssemblies (167ms)
			RebuildTransferFunctionScriptingTraits (0ms)
			SetupTypeCache (533ms)
			ReleaseScriptCaches (1ms)
			RebuildScriptCaches (78ms)
			SetupLoadedEditorAssemblies (429ms)
				LogAssemblyErrors (0ms)
				InitializePlatformSupportModulesInManaged (5ms)
				SetLoadedEditorAssemblies (1ms)
				RefreshPlugins (1ms)
				BeforeProcessingInitializeOnLoad (138ms)
				ProcessInitializeOnLoadAttributes (270ms)
				ProcessInitializeOnLoadMethodAttributes (13ms)
				AfterProcessingInitializeOnLoad (1ms)
				EditorAssembliesLoaded (0ms)
			ExecutionOrderSort2 (0ms)
			AwakeInstancesAfterBackupRestoration (21ms)
Platform modules already initialized, skipping
Refreshing native plugins compatible for Editor in 1.13 ms, found 2 plugins.
Preloading 0 native plugins for Editor in 0.00 ms.
Unloading 3501 Unused Serialized files (Serialized files now loaded: 0)
System memory in use before: 378.9 MB.
System memory in use after: 379.1 MB.

Unloading 27 unused Assets to reduce memory usage. Loaded Objects now: 4233.
Total: 3.953252 ms (FindLiveObjects: 0.373813 ms CreateObjectMapping: 0.203952 ms MarkObjects: 3.342403 ms  DeleteObjects: 0.032340 ms)

AssetImportParameters requested are different than current active one (requested -> active):
  custom:video-decoder-ogg-theora: a1e56fd34408186e4bbccfd4996cb3dc -> 
  custom:container-muxer-webm: aa71ff27fc2769a1b78a27578f13a17b -> 
  custom:container-demuxer-webm: 4f35f7cbe854078d1ac9338744f61a02 -> 
  custom:container-demuxer-ogg: 62fdf1f143b41e24485cea50d1cbac27 -> 
  custom:video-encoder-webm-vp8: eb34c28f22e8b96e1ab97ce403110664 -> 
  custom:framework-osx-AVFoundation: b23960f63f64bdc6ff669e2cdcee2391 -> 
  custom:video-decoder-webm-vp8: 9c59270c3fd7afecdb556c50c9e8de78 -> 
  custom:audio-decoder-ogg-vorbis: bf7c407c2cedff20999df2af8eb42d56 -> 
  custom:audio-encoder-webm-vorbis: bf7c407c2cedff20999df2af8eb42d56 -> 
========================================================================
Received Import Request.
  Time since last request: 1143.155501 seconds.
  path: Assets/Prefabs/Blend_EndAnim.fbx
  artifactKey: Guid(a69ea13e7b4a6ea4dbbd75c9de89bf9d) Importer(815301076,1909f56bfc062723c751e8b465ee728b)
Start importing Assets/Prefabs/Blend_EndAnim.fbx using Guid(a69ea13e7b4a6ea4dbbd75c9de89bf9d) Importer(815301076,1909f56bfc062723c751e8b465ee728b)  -> (artifact id: '28658b571c357959b4685f7d850416e8') in 0.392793 seconds 
  Import took 0.404756 seconds .

========================================================================
Received Import Request.
  Time since last request: 0.000288 seconds.
  path: Assets/Prefabs/Rocket.prefab
  artifactKey: Guid(550cc4fd729746147842a00693d5a0f1) Importer(815301076,1909f56bfc062723c751e8b465ee728b)
Start importing Assets/Prefabs/Rocket.prefab using Guid(550cc4fd729746147842a00693d5a0f1) Importer(815301076,1909f56bfc062723c751e8b465ee728b)  -> (artifact id: 'd8c63f9fadeaee4834d00364ec56b9ee') in 0.278065 seconds 
  Import took 0.290950 seconds .

========================================================================
Received Import Request.
  Time since last request: 0.000349 seconds.
  path: Assets/Prefabs/Level3 1.prefab
  artifactKey: Guid(f97a0c566153af24b8b77e577cb93b06) Importer(815301076,1909f56bfc062723c751e8b465ee728b)
Start importing Assets/Prefabs/Level3 1.prefab using Guid(f97a0c566153af24b8b77e577cb93b06) Importer(815301076,1909f56bfc062723c751e8b465ee728b)  -> (artifact id: '2e1029ae0655ceb2f8d07d7ba1177959') in 0.064233 seconds 
  Import took 0.103904 seconds .

========================================================================
Received Prepare
Registering precompiled user dll's ...
Registered in 0.017237 seconds.
Begin MonoManager ReloadAssembly
Native extension for OSXStandalone target not found
Native extension for WebGL target not found
Refreshing native plugins compatible for Editor in 0.97 ms, found 2 plugins.
Preloading 0 native plugins for Editor in 0.00 ms.
Mono: successfully reloaded assembly
- Completed reload, in  2.432 seconds
Domain Reload Profiling:
	ReloadAssembly (2441ms)
		BeginReloadAssembly (487ms)
			ExecutionOrderSort (0ms)
			DisableScriptedObjects (45ms)
			BackupInstance (0ms)
			ReleaseScriptingObjects (0ms)
			CreateAndSetChildDomain (226ms)
		EndReloadAssembly (1804ms)
			LoadAssemblies (334ms)
			RebuildTransferFunctionScriptingTraits (1ms)
			SetupTypeCache (642ms)
			ReleaseScriptCaches (2ms)
			RebuildScriptCaches (69ms)
			SetupLoadedEditorAssemblies (541ms)
				LogAssemblyErrors (0ms)
				InitializePlatformSupportModulesInManaged (10ms)
				SetLoadedEditorAssemblies (1ms)
				RefreshPlugins (1ms)
				BeforeProcessingInitializeOnLoad (156ms)
				ProcessInitializeOnLoadAttributes (349ms)
				ProcessInitializeOnLoadMethodAttributes (21ms)
				AfterProcessingInitializeOnLoad (1ms)
				EditorAssembliesLoaded (2ms)
			ExecutionOrderSort2 (0ms)
			AwakeInstancesAfterBackupRestoration (23ms)
Platform modules already initialized, skipping
Refreshing native plugins compatible for Editor in 0.96 ms, found 2 plugins.
Preloading 0 native plugins for Editor in 0.00 ms.
Unloading 3501 Unused Serialized files (Serialized files now loaded: 0)
System memory in use before: 383.7 MB.
System memory in use after: 384.0 MB.

Unloading 26 unused Assets to reduce memory usage. Loaded Objects now: 4272.
Total: 7.034084 ms (FindLiveObjects: 0.387457 ms CreateObjectMapping: 0.204849 ms MarkObjects: 6.393137 ms  DeleteObjects: 0.047419 ms)

AssetImportParameters requested are different than current active one (requested -> active):
  custom:video-decoder-ogg-theora: a1e56fd34408186e4bbccfd4996cb3dc -> 
  custom:container-muxer-webm: aa71ff27fc2769a1b78a27578f13a17b -> 
  custom:container-demuxer-webm: 4f35f7cbe854078d1ac9338744f61a02 -> 
  custom:container-demuxer-ogg: 62fdf1f143b41e24485cea50d1cbac27 -> 
  custom:video-encoder-webm-vp8: eb34c28f22e8b96e1ab97ce403110664 -> 
  custom:framework-osx-AVFoundation: b23960f63f64bdc6ff669e2cdcee2391 -> 
  custom:video-decoder-webm-vp8: 9c59270c3fd7afecdb556c50c9e8de78 -> 
  custom:audio-decoder-ogg-vorbis: bf7c407c2cedff20999df2af8eb42d56 -> 
  custom:audio-encoder-webm-vorbis: bf7c407c2cedff20999df2af8eb42d56 -> 
========================================================================
Received Import Request.
  Time since last request: 14826.864566 seconds.
  path: Assets/Prefabs/RocketAnim
  artifactKey: Guid(aae080de318f7b84fac28673e91ec3de) Importer(815301076,1909f56bfc062723c751e8b465ee728b)
Start importing Assets/Prefabs/RocketAnim using Guid(aae080de318f7b84fac28673e91ec3de) Importer(815301076,1909f56bfc062723c751e8b465ee728b)  -> (artifact id: 'ab1a1c39db9c40ede2733bdac252d468') in 0.008988 seconds 
  Import took 0.021896 seconds .

========================================================================
Received Import Request.
  Time since last request: 46.601649 seconds.
  path: Assets/Prefabs/rocket04.fbx
  artifactKey: Guid(b45401634b7ee48189a9197fa1f1dd4d) Importer(815301076,1909f56bfc062723c751e8b465ee728b)
Start importing Assets/Prefabs/rocket04.fbx using Guid(b45401634b7ee48189a9197fa1f1dd4d) Importer(815301076,1909f56bfc062723c751e8b465ee728b)  -> (artifact id: '61c60ccdc0e26c2f4748451b9c5f4f8f') in 1.134148 seconds 
  Import took 1.153459 seconds .

========================================================================
Received Import Request.
  Time since last request: 224.338232 seconds.
  path: Assets/Prefabs/rocketmid.fbx
  artifactKey: Guid(37649c8b3c69448f79e80ee90252a68e) Importer(815301076,1909f56bfc062723c751e8b465ee728b)
Start importing Assets/Prefabs/rocketmid.fbx using Guid(37649c8b3c69448f79e80ee90252a68e) Importer(815301076,1909f56bfc062723c751e8b465ee728b)  -> (artifact id: '6eee33a3b921c2b0bf7abb562738afd1') in 0.433300 seconds 
  Import took 0.444490 seconds .

========================================================================
Received Import Request.
  Time since last request: 120.498947 seconds.
  path: Assets/Prefabs/rocketmid.fbx
  artifactKey: Guid(37649c8b3c69448f79e80ee90252a68e) Importer(815301076,1909f56bfc062723c751e8b465ee728b)
Start importing Assets/Prefabs/rocketmid.fbx using Guid(37649c8b3c69448f79e80ee90252a68e) Importer(815301076,1909f56bfc062723c751e8b465ee728b)  -> (artifact id: '4f484e9597fc534ad1ff162bdaa4efe9') in 0.352814 seconds 
  Import took 0.365734 seconds .

========================================================================
Received Import Request.
  Time since last request: 107.570200 seconds.
  path: Assets/Prefabs/rocketmid01.fbx
  artifactKey: Guid(627e0df262ebe480b9eaf8a544394e78) Importer(815301076,1909f56bfc062723c751e8b465ee728b)
Start importing Assets/Prefabs/rocketmid01.fbx using Guid(627e0df262ebe480b9eaf8a544394e78) Importer(815301076,1909f56bfc062723c751e8b465ee728b)  -> (artifact id: '48453c8e7ab9c84e73cdc0ac3fb4647d') in 0.357805 seconds 
  Import took 0.370522 seconds .

========================================================================
Received Import Request.
  Time since last request: 22.488175 seconds.
  path: Assets/Smoke & Steam Effects/Materials/Smoke02.mat
  artifactKey: Guid(43d3e21dd15c3b847957abee25d004d9) Importer(815301076,1909f56bfc062723c751e8b465ee728b)
Start importing Assets/Smoke & Steam Effects/Materials/Smoke02.mat using Guid(43d3e21dd15c3b847957abee25d004d9) Importer(815301076,1909f56bfc062723c751e8b465ee728b)  -> (artifact id: 'ee3645cb47b64fc1ff3968aecac9bb4f') in 0.346841 seconds 
  Import took 0.361632 seconds .

========================================================================
Received Import Request.
  Time since last request: 417.277502 seconds.
  path: Assets/Prefabs/rocketmid001.fbx
  artifactKey: Guid(e402b6d95134243bcac59d2ccc17cfc4) Importer(815301076,1909f56bfc062723c751e8b465ee728b)
Start importing Assets/Prefabs/rocketmid001.fbx using Guid(e402b6d95134243bcac59d2ccc17cfc4) Importer(815301076,1909f56bfc062723c751e8b465ee728b)  -> (artifact id: 'd5c9370de7ab6cb3360accea6ab1417a') in 0.499596 seconds 
  Import took 0.516735 seconds .

========================================================================
Received Import Request.
  Time since last request: 4196.685420 seconds.
  path: Assets/Prefabs/MidLevel
  artifactKey: Guid(2d606eb7aff5345e7b436a32b170e78c) Importer(815301076,1909f56bfc062723c751e8b465ee728b)
Start importing Assets/Prefabs/MidLevel using Guid(2d606eb7aff5345e7b436a32b170e78c) Importer(815301076,1909f56bfc062723c751e8b465ee728b)  -> (artifact id: '68007c0f1375f32030c43f275be60851') in 0.002410 seconds 
  Import took 0.011903 seconds .

========================================================================
Received Import Request.
  Time since last request: 440.051330 seconds.
  path: Assets/Prefabs/Blend_Level03.fbx
  artifactKey: Guid(f9f5f74d6660c4e86bcc2688c773e87d) Importer(815301076,1909f56bfc062723c751e8b465ee728b)
Start importing Assets/Prefabs/Blend_Level03.fbx using Guid(f9f5f74d6660c4e86bcc2688c773e87d) Importer(815301076,1909f56bfc062723c751e8b465ee728b)  -> (artifact id: 'b434d53128453a92c604e3bea54a6f40') in 0.316267 seconds 
  Import took 0.330255 seconds .

========================================================================
Received Import Request.
  Time since last request: 49.328365 seconds.
  path: Assets/Prefabs/Blend_EndAnim.fbx
  artifactKey: Guid(a69ea13e7b4a6ea4dbbd75c9de89bf9d) Importer(815301076,1909f56bfc062723c751e8b465ee728b)
Start importing Assets/Prefabs/Blend_EndAnim.fbx using Guid(a69ea13e7b4a6ea4dbbd75c9de89bf9d) Importer(815301076,1909f56bfc062723c751e8b465ee728b)  -> (artifact id: 'ffc6b6bcc35606b65211219e9966ddfc') in 0.164157 seconds 
  Import took 0.174491 seconds .

========================================================================
Received Import Request.
  Time since last request: 0.000312 seconds.
  path: Assets/Prefabs/Rocket.prefab
  artifactKey: Guid(550cc4fd729746147842a00693d5a0f1) Importer(815301076,1909f56bfc062723c751e8b465ee728b)
Start importing Assets/Prefabs/Rocket.prefab using Guid(550cc4fd729746147842a00693d5a0f1) Importer(815301076,1909f56bfc062723c751e8b465ee728b)  -> (artifact id: 'e5a61bbc7f2fd73c7db60d9ab9595fb4') in 0.046363 seconds 
  Import took 0.056233 seconds .

========================================================================
Received Import Request.
  Time since last request: 83.771261 seconds.
  path: Assets/Prefabs/Blend_Level3.1.fbx
  artifactKey: Guid(e4f6c10500f9248e9a0badc2b130ac71) Importer(815301076,1909f56bfc062723c751e8b465ee728b)
Start importing Assets/Prefabs/Blend_Level3.1.fbx using Guid(e4f6c10500f9248e9a0badc2b130ac71) Importer(815301076,1909f56bfc062723c751e8b465ee728b)  -> (artifact id: 'cc99aa0f4a8cf6e32634fe17144641c0') in 0.426765 seconds 
  Import took 0.442981 seconds .

========================================================================
Received Import Request.
  Time since last request: 2053.161545 seconds.
  path: Assets/Prefabs/Blend_Level003.fbx
  artifactKey: Guid(d8960b2931d9649d7ba4dd0b224905ee) Importer(815301076,1909f56bfc062723c751e8b465ee728b)
Start importing Assets/Prefabs/Blend_Level003.fbx using Guid(d8960b2931d9649d7ba4dd0b224905ee) Importer(815301076,1909f56bfc062723c751e8b465ee728b)  -> (artifact id: 'fbbb2fe2fb925468ad16004be7b543bf') in 0.480198 seconds 
  Import took 0.502247 seconds .

========================================================================
Received Import Request.
  Time since last request: 701.292784 seconds.
  path: Assets/Prefabs/Blend_Level.03.fbx
  artifactKey: Guid(068976938616b42c480f184d56cb5ac7) Importer(815301076,1909f56bfc062723c751e8b465ee728b)
Start importing Assets/Prefabs/Blend_Level.03.fbx using Guid(068976938616b42c480f184d56cb5ac7) Importer(815301076,1909f56bfc062723c751e8b465ee728b)  -> (artifact id: '49c9e2cad3e37ea1de5318b2f7239b7f') in 0.401431 seconds 
  Import took 0.419250 seconds .

========================================================================
Received Import Request.
  Time since last request: 823.453164 seconds.
  path: Assets/Prefabs/Blend_Level.03.fbx
  artifactKey: Guid(068976938616b42c480f184d56cb5ac7) Importer(815301076,1909f56bfc062723c751e8b465ee728b)
Start importing Assets/Prefabs/Blend_Level.03.fbx using Guid(068976938616b42c480f184d56cb5ac7) Importer(815301076,1909f56bfc062723c751e8b465ee728b)  -> (artifact id: '44392b4e1fdaceef5fed7e0f650f4526') in 0.466616 seconds 
  Import took 0.481106 seconds .

========================================================================
Received Import Request.
  Time since last request: 290.053430 seconds.
  path: Assets/Prefabs/Blend_Level.003.fbx
  artifactKey: Guid(4f384c9e9360e44318c2281836ac82c0) Importer(815301076,1909f56bfc062723c751e8b465ee728b)
Start importing Assets/Prefabs/Blend_Level.003.fbx using Guid(4f384c9e9360e44318c2281836ac82c0) Importer(815301076,1909f56bfc062723c751e8b465ee728b)  -> (artifact id: '3b21280fb1574b981b6b75b111891195') in 0.414771 seconds 
  Import took 0.434741 seconds .

========================================================================
Received Import Request.
  Time since last request: 534.147470 seconds.
  path: Assets/Prefabs/Blend_Level.003.fbx
  artifactKey: Guid(4f384c9e9360e44318c2281836ac82c0) Importer(815301076,1909f56bfc062723c751e8b465ee728b)
Start importing Assets/Prefabs/Blend_Level.003.fbx using Guid(4f384c9e9360e44318c2281836ac82c0) Importer(815301076,1909f56bfc062723c751e8b465ee728b)  -> (artifact id: 'c0b47ce5609b999439d55058e64ae8ae') in 0.356275 seconds 
  Import took 0.372858 seconds .

========================================================================
Received Import Request.
  Time since last request: 1.803536 seconds.
  path: Assets/Prefabs/New Folder
  artifactKey: Guid(118603b701c1943f49ad1f0eb36090b4) Importer(815301076,1909f56bfc062723c751e8b465ee728b)
Start importing Assets/Prefabs/New Folder using Guid(118603b701c1943f49ad1f0eb36090b4) Importer(815301076,1909f56bfc062723c751e8b465ee728b)  -> (artifact id: 'c10c89f1e3865d84c2caa95cc5936d97') in 0.002477 seconds 
  Import took 0.019264 seconds .

========================================================================
Received Import Request.
  Time since last request: 25.504131 seconds.
  path: Assets/Prefabs/topLevel
  artifactKey: Guid(118603b701c1943f49ad1f0eb36090b4) Importer(815301076,1909f56bfc062723c751e8b465ee728b)
Start importing Assets/Prefabs/topLevel using Guid(118603b701c1943f49ad1f0eb36090b4) Importer(815301076,1909f56bfc062723c751e8b465ee728b)  -> (artifact id: 'ef5338c194ce47bfd3eefdb17206bf51') in 0.002183 seconds 
  Import took 0.015088 seconds .

========================================================================
Received Import Request.
  Time since last request: 811.046053 seconds.
  path: Assets/Prefabs/TopLevel
  artifactKey: Guid(118603b701c1943f49ad1f0eb36090b4) Importer(815301076,1909f56bfc062723c751e8b465ee728b)
Start importing Assets/Prefabs/TopLevel using Guid(118603b701c1943f49ad1f0eb36090b4) Importer(815301076,1909f56bfc062723c751e8b465ee728b)  -> (artifact id: '6661a59b9933c08b3669e78dcc4df8c6') in 0.005960 seconds 
  Import took 0.091067 seconds .

========================================================================
Received Import Request.
  Time since last request: 27.004508 seconds.
  path: Assets/Prefabs/TopLevel/Top_Level3.fbx
  artifactKey: Guid(3c27fc708b5ac4460b31e2069a4eb655) Importer(815301076,1909f56bfc062723c751e8b465ee728b)
Start importing Assets/Prefabs/TopLevel/Top_Level3.fbx using Guid(3c27fc708b5ac4460b31e2069a4eb655) Importer(815301076,1909f56bfc062723c751e8b465ee728b)  -> (artifact id: 'e741a8781305159bba90a627616d7060') in 0.453178 seconds 
  Import took 0.464521 seconds .

========================================================================
Received Import Request.
  Time since last request: 278.034714 seconds.
  path: Assets/Prefabs/TopLevel/Top_Level03.fbx
  artifactKey: Guid(eb5369a3d0fb141b092e1f1df7eb1ec5) Importer(815301076,1909f56bfc062723c751e8b465ee728b)
Start importing Assets/Prefabs/TopLevel/Top_Level03.fbx using Guid(eb5369a3d0fb141b092e1f1df7eb1ec5) Importer(815301076,1909f56bfc062723c751e8b465ee728b)  -> (artifact id: 'bc870d8223e6f199d09a083633bc178e') in 0.408964 seconds 
  Import took 0.421940 seconds .

========================================================================
Received Import Request.
  Time since last request: 239.125023 seconds.
  path: Assets/Prefabs/Level3_MuskandBezos
  artifactKey: Guid(3f5a9fcaed9e14a4c919ad0acaa90543) Importer(815301076,1909f56bfc062723c751e8b465ee728b)
Start importing Assets/Prefabs/Level3_MuskandBezos using Guid(3f5a9fcaed9e14a4c919ad0acaa90543) Importer(815301076,1909f56bfc062723c751e8b465ee728b)  -> (artifact id: '93045d7d5bb74a9e0b258a69323b0d78') in 0.001365 seconds 
  Import took 0.011724 seconds .

========================================================================
Received Import Request.
  Time since last request: 3223.396346 seconds.
  path: Assets/Prefabs/TopLevel/Top_Level.fbx
  artifactKey: Guid(498192fe10dba40a19c26e773f66ee0f) Importer(815301076,1909f56bfc062723c751e8b465ee728b)
Start importing Assets/Prefabs/TopLevel/Top_Level.fbx using Guid(498192fe10dba40a19c26e773f66ee0f) Importer(815301076,1909f56bfc062723c751e8b465ee728b)  -> (artifact id: '241847226405e2ed97aaf5b608bf0f9c') in 0.332694 seconds 
  Import took 0.399332 seconds .

========================================================================
Received Import Request.
  Time since last request: 991.891130 seconds.
  path: Assets/Prefabs/Top_Leve003l.fbx
  artifactKey: Guid(6410739e190c144b091d19ee1ca12671) Importer(815301076,1909f56bfc062723c751e8b465ee728b)
Start importing Assets/Prefabs/Top_Leve003l.fbx using Guid(6410739e190c144b091d19ee1ca12671) Importer(815301076,1909f56bfc062723c751e8b465ee728b)  -> (artifact id: 'dd690d053173f2d5f55026be6637ad0f') in 0.400902 seconds 
  Import took 0.417450 seconds .

========================================================================
Received Import Request.
  Time since last request: 574.148582 seconds.
  path: Assets/Prefabs/Level3.f.fbx
  artifactKey: Guid(ba32465fedb5a4a43afd778df6b33300) Importer(815301076,1909f56bfc062723c751e8b465ee728b)
Start importing Assets/Prefabs/Level3.f.fbx using Guid(ba32465fedb5a4a43afd778df6b33300) Importer(815301076,1909f56bfc062723c751e8b465ee728b)  -> (artifact id: 'e1f667048aa03f4a8a4b021770ac20a7') in 0.280753 seconds 
  Import took 0.294560 seconds .

========================================================================
Received Import Request.
  Time since last request: 60.224615 seconds.
  path: Assets/Prefabs/Level3.controller
  artifactKey: Guid(eef46870dbc882949a2c460c1c29210d) Importer(815301076,1909f56bfc062723c751e8b465ee728b)
Start importing Assets/Prefabs/Level3.controller using Guid(eef46870dbc882949a2c460c1c29210d) Importer(815301076,1909f56bfc062723c751e8b465ee728b)  -> (artifact id: '46b5dc2617d5369465471912f8868057') in 0.095380 seconds 
  Import took 0.109812 seconds .

========================================================================
Received Import Request.
  Time since last request: 164.693767 seconds.
  path: Assets/Prefabs/Level3.fbx
  artifactKey: Guid(74af76b3dbfda4a3d8b57823cdf60b36) Importer(815301076,1909f56bfc062723c751e8b465ee728b)
Start importing Assets/Prefabs/Level3.fbx using Guid(74af76b3dbfda4a3d8b57823cdf60b36) Importer(815301076,1909f56bfc062723c751e8b465ee728b)  -> (artifact id: '3928094d31f4ff0f599f48f14be4afc4') in 0.309798 seconds 
  Import took 0.321769 seconds .

========================================================================
Received Import Request.
  Time since last request: 422.188588 seconds.
  path: Assets/Prefabs/top 1.fbx
  artifactKey: Guid(5a1730bac7b6d479792f3e19575bb4ba) Importer(815301076,1909f56bfc062723c751e8b465ee728b)
Start importing Assets/Prefabs/top 1.fbx using Guid(5a1730bac7b6d479792f3e19575bb4ba) Importer(815301076,1909f56bfc062723c751e8b465ee728b)  -> (artifact id: 'ece652fe7a335436e0834517b418f95e') in 0.106174 seconds 
  Import took 0.116118 seconds .

========================================================================
Received Import Request.
  Time since last request: 10483.142730 seconds.
  path: Assets/Prefabs/topRocket.fbx
  artifactKey: Guid(d572ec7fa7bb04fe394de8c8b6ec8f5f) Importer(815301076,1909f56bfc062723c751e8b465ee728b)
Start importing Assets/Prefabs/topRocket.fbx using Guid(d572ec7fa7bb04fe394de8c8b6ec8f5f) Importer(815301076,1909f56bfc062723c751e8b465ee728b)  -> (artifact id: '93f79a75f1c49a76f0c4291ea8a23228') in 0.423736 seconds 
  Import took 0.508751 seconds .

========================================================================
Received Import Request.
  Time since last request: 433.419948 seconds.
  path: Assets/Prefabs/topLevel_Rocket.fbx
  artifactKey: Guid(53d090239007e47dab746b62dd3a1124) Importer(815301076,1909f56bfc062723c751e8b465ee728b)
Start importing Assets/Prefabs/topLevel_Rocket.fbx using Guid(53d090239007e47dab746b62dd3a1124) Importer(815301076,1909f56bfc062723c751e8b465ee728b)  -> (artifact id: '3042d7e7ef8906273a8256f64f35e1d7') in 0.013881 seconds 
  Import took 0.028454 seconds .

========================================================================
Received Import Request.
  Time since last request: 44.140922 seconds.
  path: Assets/Prefabs/top
  artifactKey: Guid(fdb727f300177496e928b86a7f59db80) Importer(815301076,1909f56bfc062723c751e8b465ee728b)
Start importing Assets/Prefabs/top using Guid(fdb727f300177496e928b86a7f59db80) Importer(815301076,1909f56bfc062723c751e8b465ee728b)  -> (artifact id: '5991d642f82d39b606117ab963578f99') in 0.002818 seconds 
  Import took 0.021942 seconds .

========================================================================
Received Import Request.
  Time since last request: 16.237215 seconds.
  path: Assets/Prefabs/top/topLevel_Rocket.fbx
  artifactKey: Guid(226b39977b2e248288785bbaa771baf1) Importer(815301076,1909f56bfc062723c751e8b465ee728b)
Start importing Assets/Prefabs/top/topLevel_Rocket.fbx using Guid(226b39977b2e248288785bbaa771baf1) Importer(815301076,1909f56bfc062723c751e8b465ee728b)  -> (artifact id: '04958b41ff61f5c67b3a35548106cd60') in 0.009566 seconds 
  Import took 0.023194 seconds .

========================================================================
Received Import Request.
  Time since last request: 49.361807 seconds.
  path: Assets/Prefabs/top/topLevel.fbx
  artifactKey: Guid(03ae18398d3e841efaa03e19934dfd80) Importer(815301076,1909f56bfc062723c751e8b465ee728b)
Start importing Assets/Prefabs/top/topLevel.fbx using Guid(03ae18398d3e841efaa03e19934dfd80) Importer(815301076,1909f56bfc062723c751e8b465ee728b)  -> (artifact id: '532ea4aecdcfded631e6f8b27705b019') in 0.257856 seconds 
  Import took 0.270102 seconds .

========================================================================
Received Import Request.
  Time since last request: 250.689279 seconds.
  path: Assets/Prefabs/top/topLevel01.fbx
  artifactKey: Guid(efc6c9015567c4362aa83bfae7567fdf) Importer(815301076,1909f56bfc062723c751e8b465ee728b)
Start importing Assets/Prefabs/top/topLevel01.fbx using Guid(efc6c9015567c4362aa83bfae7567fdf) Importer(815301076,1909f56bfc062723c751e8b465ee728b)  -> (artifact id: 'a689979aa0477ce6d8f098fb7f88556b') in 0.325430 seconds 
  Import took 0.345499 seconds .

========================================================================
Received Prepare
Registering precompiled user dll's ...
Registered in 0.010550 seconds.
Begin MonoManager ReloadAssembly
Native extension for OSXStandalone target not found
Native extension for WebGL target not found
Refreshing native plugins compatible for Editor in 1.00 ms, found 2 plugins.
Preloading 0 native plugins for Editor in 0.00 ms.
Mono: successfully reloaded assembly
- Completed reload, in  2.197 seconds
Domain Reload Profiling:
	ReloadAssembly (2200ms)
		BeginReloadAssembly (313ms)
			ExecutionOrderSort (0ms)
			DisableScriptedObjects (28ms)
			BackupInstance (0ms)
			ReleaseScriptingObjects (0ms)
			CreateAndSetChildDomain (200ms)
		EndReloadAssembly (1805ms)
			LoadAssemblies (268ms)
			RebuildTransferFunctionScriptingTraits (0ms)
			SetupTypeCache (671ms)
			ReleaseScriptCaches (3ms)
			RebuildScriptCaches (80ms)
			SetupLoadedEditorAssemblies (471ms)
				LogAssemblyErrors (0ms)
				InitializePlatformSupportModulesInManaged (7ms)
				SetLoadedEditorAssemblies (1ms)
				RefreshPlugins (1ms)
				BeforeProcessingInitializeOnLoad (142ms)
				ProcessInitializeOnLoadAttributes (302ms)
				ProcessInitializeOnLoadMethodAttributes (17ms)
				AfterProcessingInitializeOnLoad (1ms)
				EditorAssembliesLoaded (0ms)
			ExecutionOrderSort2 (0ms)
			AwakeInstancesAfterBackupRestoration (28ms)
Platform modules already initialized, skipping
Refreshing native plugins compatible for Editor in 0.94 ms, found 2 plugins.
Preloading 0 native plugins for Editor in 0.00 ms.
Unloading 3395 Unused Serialized files (Serialized files now loaded: 0)
System memory in use before: 386.6 MB.
System memory in use after: 386.8 MB.

Unloading 129 unused Assets to reduce memory usage. Loaded Objects now: 4209.
Total: 4.387962 ms (FindLiveObjects: 0.384946 ms CreateObjectMapping: 0.212585 ms MarkObjects: 3.727537 ms  DeleteObjects: 0.061860 ms)

AssetImportParameters requested are different than current active one (requested -> active):
  custom:video-decoder-ogg-theora: a1e56fd34408186e4bbccfd4996cb3dc -> 
  custom:container-muxer-webm: aa71ff27fc2769a1b78a27578f13a17b -> 
  custom:container-demuxer-webm: 4f35f7cbe854078d1ac9338744f61a02 -> 
  custom:container-demuxer-ogg: 62fdf1f143b41e24485cea50d1cbac27 -> 
  custom:video-encoder-webm-vp8: eb34c28f22e8b96e1ab97ce403110664 -> 
  custom:framework-osx-AVFoundation: b23960f63f64bdc6ff669e2cdcee2391 -> 
  custom:video-decoder-webm-vp8: 9c59270c3fd7afecdb556c50c9e8de78 -> 
  custom:audio-decoder-ogg-vorbis: bf7c407c2cedff20999df2af8eb42d56 -> 
  custom:audio-encoder-webm-vorbis: bf7c407c2cedff20999df2af8eb42d56 -> 
========================================================================
Received Import Request.
  Time since last request: 1630.990800 seconds.
  path: Assets/Prefabs/Level2Old.prefab
  artifactKey: Guid(96c26fcef3b10c34ca29dfba262a31b8) Importer(815301076,1909f56bfc062723c751e8b465ee728b)
Start importing Assets/Prefabs/Level2Old.prefab using Guid(96c26fcef3b10c34ca29dfba262a31b8) Importer(815301076,1909f56bfc062723c751e8b465ee728b)  -> (artifact id: '7e68cfe13f3fbccf7707631acee6af79') in 0.190675 seconds 
  Import took 0.198224 seconds .

========================================================================
Received Import Request.
  Time since last request: 0.000356 seconds.
  path: Assets/Prefabs/Top_Level3.fbx
  artifactKey: Guid(daa1c6ffbf53a244297d7bd4cd6d661a) Importer(815301076,1909f56bfc062723c751e8b465ee728b)
Start importing Assets/Prefabs/Top_Level3.fbx using Guid(daa1c6ffbf53a244297d7bd4cd6d661a) Importer(815301076,1909f56bfc062723c751e8b465ee728b)  -> (artifact id: 'b5f93ea09e2face661b6f5a2015bf4d9') in 0.313410 seconds 
  Import took 0.322596 seconds .

========================================================================
Received Import Request.
  Time since last request: 0.000222 seconds.
  path: Assets/Prefabs/Level1Old.prefab
  artifactKey: Guid(cd1a40a05a564354aad3b49506420a4a) Importer(815301076,1909f56bfc062723c751e8b465ee728b)
Start importing Assets/Prefabs/Level1Old.prefab using Guid(cd1a40a05a564354aad3b49506420a4a) Importer(815301076,1909f56bfc062723c751e8b465ee728b)  -> (artifact id: '4064cd5a93e79f68f04622975c4748b2') in 0.025946 seconds 
  Import took 0.032182 seconds .

========================================================================
Received Import Request.
  Time since last request: 0.000448 seconds.
  path: Assets/Prefabs/Rocket.prefab
  artifactKey: Guid(550cc4fd729746147842a00693d5a0f1) Importer(815301076,1909f56bfc062723c751e8b465ee728b)
Start importing Assets/Prefabs/Rocket.prefab using Guid(550cc4fd729746147842a00693d5a0f1) Importer(815301076,1909f56bfc062723c751e8b465ee728b)  -> (artifact id: 'e4de12948ef1f7aba589dab4646e717f') in 0.068956 seconds 
  Import took 0.079953 seconds .

========================================================================
Received Import Request.
  Time since last request: 0.000251 seconds.
  path: Assets/Prefabs/Blend_EndAnim (1).fbx
  artifactKey: Guid(74d23a768a683244eac50c9c5aeee01d) Importer(815301076,1909f56bfc062723c751e8b465ee728b)
Start importing Assets/Prefabs/Blend_EndAnim (1).fbx using Guid(74d23a768a683244eac50c9c5aeee01d) Importer(815301076,1909f56bfc062723c751e8b465ee728b)  -> (artifact id: '78dc87910aeaf8b3bb5927c9f5eaf3ee') in 0.160089 seconds 
  Import took 0.170532 seconds .

========================================================================
Received Import Request.
  Time since last request: 0.000292 seconds.
  path: Assets/Prefabs/Level3.prefab
  artifactKey: Guid(566fb6b0322f13f45b6b4e99168f40fa) Importer(815301076,1909f56bfc062723c751e8b465ee728b)
Start importing Assets/Prefabs/Level3.prefab using Guid(566fb6b0322f13f45b6b4e99168f40fa) Importer(815301076,1909f56bfc062723c751e8b465ee728b)  -> (artifact id: '21e9aea5916fab0b806b0e5637ca98e2') in 0.028636 seconds 
  Import took 0.037074 seconds .

========================================================================
Received Import Request.
  Time since last request: 0.000455 seconds.
  path: Assets/Prefabs/FlameStream.prefab
  artifactKey: Guid(a7b8eabc6402e6a468417674c0fcd76d) Importer(815301076,1909f56bfc062723c751e8b465ee728b)
Start importing Assets/Prefabs/FlameStream.prefab using Guid(a7b8eabc6402e6a468417674c0fcd76d) Importer(815301076,1909f56bfc062723c751e8b465ee728b)  -> (artifact id: '2a751a7a99159fd5d266a1a61da6de15') in 0.022771 seconds 
  Import took 0.031792 seconds .

========================================================================
Received Import Request.
  Time since last request: 0.000339 seconds.
  path: Assets/Prefabs/Level2.prefab
  artifactKey: Guid(d78ba47a1bf12644f8a16db645bd3002) Importer(815301076,1909f56bfc062723c751e8b465ee728b)
Start importing Assets/Prefabs/Level2.prefab using Guid(d78ba47a1bf12644f8a16db645bd3002) Importer(815301076,1909f56bfc062723c751e8b465ee728b)  -> (artifact id: 'a4f4f57aa6317c33559c7d7257b3ad53') in 0.026224 seconds 
  Import took 0.037730 seconds .

========================================================================
Received Import Request.
  Time since last request: 0.000241 seconds.
  path: Assets/Prefabs/Level3Old.prefab
  artifactKey: Guid(1769c501e85f41f428c007f3ad8663e5) Importer(815301076,1909f56bfc062723c751e8b465ee728b)
Start importing Assets/Prefabs/Level3Old.prefab using Guid(1769c501e85f41f428c007f3ad8663e5) Importer(815301076,1909f56bfc062723c751e8b465ee728b)  -> (artifact id: '6ac596dd03c5b2669c783f93aa609b74') in 0.016189 seconds 
  Import took 0.029135 seconds .

========================================================================
Received Import Request.
  Time since last request: 0.000396 seconds.
  path: Assets/Prefabs/Level1.prefab
  artifactKey: Guid(4a27cc146532d1547915b70cc1f31995) Importer(815301076,1909f56bfc062723c751e8b465ee728b)
Start importing Assets/Prefabs/Level1.prefab using Guid(4a27cc146532d1547915b70cc1f31995) Importer(815301076,1909f56bfc062723c751e8b465ee728b)  -> (artifact id: '9459f00b06156c3a8c07bf63ac9689bc') in 0.030183 seconds 
  Import took 0.041620 seconds .

========================================================================
Received Import Request.
  Time since last request: 0.000670 seconds.
  path: Assets/Prefabs/Level4Old.prefab
  artifactKey: Guid(dc1ff6fc0519eb7499c55124cd5ca7ec) Importer(815301076,1909f56bfc062723c751e8b465ee728b)
Start importing Assets/Prefabs/Level4Old.prefab using Guid(dc1ff6fc0519eb7499c55124cd5ca7ec) Importer(815301076,1909f56bfc062723c751e8b465ee728b)  -> (artifact id: '67d238f7afa8246894b8e5cf4adfed2c') in 0.021365 seconds 
  Import took 0.034910 seconds .

========================================================================
Received Import Request.
  Time since last request: 0.000284 seconds.
  path: Assets/Prefabs/Level3 1.prefab
  artifactKey: Guid(f97a0c566153af24b8b77e577cb93b06) Importer(815301076,1909f56bfc062723c751e8b465ee728b)
Start importing Assets/Prefabs/Level3 1.prefab using Guid(f97a0c566153af24b8b77e577cb93b06) Importer(815301076,1909f56bfc062723c751e8b465ee728b) Asset 'Level3': Transition 'metarig_001|Elon_endAnim -> New State' in state 'metarig_001|Elon_endAnim' doesn't have an Exit Time or any condition, transition will be ignored
UnityEngine.StackTraceUtility:ExtractStackTrace () (at /Users/bokken/buildslave/unity/build/Runtime/Export/Scripting/StackTrace.cs:37)
UnityEditor.EditorUtility:Internal_InstantiateRemoveAllNonAnimationComponentsSingle (UnityEngine.Object,UnityEngine.Vector3,UnityEngine.Quaternion)
UnityEditor.EditorUtility:InstantiateRemoveAllNonAnimationComponents (UnityEngine.Object,UnityEngine.Vector3,UnityEngine.Quaternion) (at /Users/bokken/buildslave/unity/build/Editor/Mono/EditorUtility.cs:648)
UnityEditor.EditorUtility:InstantiateForAnimatorPreview (UnityEngine.Object) (at /Users/bokken/buildslave/unity/build/Editor/Mono/EditorUtility.cs:614)
UnityEditor.GameObjectInspector/PreviewData:UpdateGameObject (UnityEngine.Object) (at /Users/bokken/buildslave/unity/build/Editor/Mono/Inspector/GameObjectInspector.cs:98)
UnityEditor.GameObjectInspector/PreviewData:.ctor (UnityEngine.Object) (at /Users/bokken/buildslave/unity/build/Editor/Mono/Inspector/GameObjectInspector.cs:92)
UnityEditor.GameObjectInspector:GetPreviewData () (at /Users/bokken/buildslave/unity/build/Editor/Mono/Inspector/GameObjectInspector.cs:631)
UnityEditor.GameObjectInspector:RenderStaticPreview (string,UnityEngine.Object[],int,int) (at /Users/bokken/buildslave/unity/build/Editor/Mono/Inspector/GameObjectInspector.cs:841)
UnityEditor.AssetPreviewUpdater:CreatePreviewForAsset (UnityEngine.Object,UnityEngine.Object[],string) (at /Users/bokken/buildslave/unity/build/Editor/Mono/AssetPreviewUpdater.cs:33)

[./Editor/Src/Animation/StateMachine.cpp line 1847]

 -> (artifact id: '85bc6cb0194b49ba7c596ced23a666bb') in 0.055308 seconds 
  Import took 0.066811 seconds .

========================================================================
Received Prepare
Registering precompiled user dll's ...
Registered in 0.022414 seconds.
Begin MonoManager ReloadAssembly
Native extension for OSXStandalone target not found
Native extension for WebGL target not found
Refreshing native plugins compatible for Editor in 1.55 ms, found 2 plugins.
Preloading 0 native plugins for Editor in 0.00 ms.
Mono: successfully reloaded assembly
- Completed reload, in  1.764 seconds
Domain Reload Profiling:
	ReloadAssembly (1764ms)
		BeginReloadAssembly (160ms)
			ExecutionOrderSort (0ms)
			DisableScriptedObjects (7ms)
			BackupInstance (0ms)
			ReleaseScriptingObjects (0ms)
			CreateAndSetChildDomain (86ms)
		EndReloadAssembly (1529ms)
			LoadAssemblies (189ms)
			RebuildTransferFunctionScriptingTraits (0ms)
			SetupTypeCache (506ms)
			ReleaseScriptCaches (1ms)
			RebuildScriptCaches (69ms)
			SetupLoadedEditorAssemblies (455ms)
				LogAssemblyErrors (0ms)
				InitializePlatformSupportModulesInManaged (12ms)
				SetLoadedEditorAssemblies (1ms)
				RefreshPlugins (2ms)
				BeforeProcessingInitializeOnLoad (150ms)
				ProcessInitializeOnLoadAttributes (274ms)
				ProcessInitializeOnLoadMethodAttributes (15ms)
				AfterProcessingInitializeOnLoad (1ms)
				EditorAssembliesLoaded (0ms)
			ExecutionOrderSort2 (0ms)
			AwakeInstancesAfterBackupRestoration (23ms)
Platform modules already initialized, skipping
Refreshing native plugins compatible for Editor in 0.96 ms, found 2 plugins.
Preloading 0 native plugins for Editor in 0.00 ms.
Unloading 3395 Unused Serialized files (Serialized files now loaded: 0)
System memory in use before: 387.7 MB.
System memory in use after: 387.9 MB.

Unloading 27 unused Assets to reduce memory usage. Loaded Objects now: 4251.
Total: 4.238004 ms (FindLiveObjects: 0.368892 ms CreateObjectMapping: 0.228684 ms MarkObjects: 3.608728 ms  DeleteObjects: 0.029758 ms)

AssetImportParameters requested are different than current active one (requested -> active):
  custom:video-decoder-ogg-theora: a1e56fd34408186e4bbccfd4996cb3dc -> 
  custom:container-muxer-webm: aa71ff27fc2769a1b78a27578f13a17b -> 
  custom:container-demuxer-webm: 4f35f7cbe854078d1ac9338744f61a02 -> 
  custom:container-demuxer-ogg: 62fdf1f143b41e24485cea50d1cbac27 -> 
  custom:video-encoder-webm-vp8: eb34c28f22e8b96e1ab97ce403110664 -> 
  custom:framework-osx-AVFoundation: b23960f63f64bdc6ff669e2cdcee2391 -> 
  custom:video-decoder-webm-vp8: 9c59270c3fd7afecdb556c50c9e8de78 -> 
  custom:audio-decoder-ogg-vorbis: bf7c407c2cedff20999df2af8eb42d56 -> 
  custom:audio-encoder-webm-vorbis: bf7c407c2cedff20999df2af8eb42d56 -> 
========================================================================
Received Prepare
Registering precompiled user dll's ...
Registered in 0.039100 seconds.
Begin MonoManager ReloadAssembly
Native extension for OSXStandalone target not found
Native extension for WebGL target not found
Refreshing native plugins compatible for Editor in 1.12 ms, found 2 plugins.
Preloading 0 native plugins for Editor in 0.00 ms.
Mono: successfully reloaded assembly
- Completed reload, in  2.296 seconds
Domain Reload Profiling:
	ReloadAssembly (2300ms)
		BeginReloadAssembly (454ms)
			ExecutionOrderSort (0ms)
			DisableScriptedObjects (22ms)
			BackupInstance (0ms)
			ReleaseScriptingObjects (0ms)
			CreateAndSetChildDomain (250ms)
		EndReloadAssembly (1715ms)
			LoadAssemblies (271ms)
			RebuildTransferFunctionScriptingTraits (1ms)
			SetupTypeCache (675ms)
			ReleaseScriptCaches (2ms)
			RebuildScriptCaches (68ms)
			SetupLoadedEditorAssemblies (500ms)
				LogAssemblyErrors (0ms)
				InitializePlatformSupportModulesInManaged (8ms)
				SetLoadedEditorAssemblies (2ms)
				RefreshPlugins (1ms)
				BeforeProcessingInitializeOnLoad (142ms)
				ProcessInitializeOnLoadAttributes (328ms)
				ProcessInitializeOnLoadMethodAttributes (18ms)
				AfterProcessingInitializeOnLoad (1ms)
				EditorAssembliesLoaded (0ms)
			ExecutionOrderSort2 (0ms)
			AwakeInstancesAfterBackupRestoration (25ms)
Platform modules already initialized, skipping
Refreshing native plugins compatible for Editor in 1.10 ms, found 2 plugins.
Preloading 0 native plugins for Editor in 0.00 ms.
Unloading 3395 Unused Serialized files (Serialized files now loaded: 0)
System memory in use before: 387.9 MB.
System memory in use after: 388.1 MB.

Unloading 26 unused Assets to reduce memory usage. Loaded Objects now: 4254.
Total: 4.745254 ms (FindLiveObjects: 0.437856 ms CreateObjectMapping: 0.193367 ms MarkObjects: 4.078310 ms  DeleteObjects: 0.033911 ms)

AssetImportParameters requested are different than current active one (requested -> active):
  custom:video-decoder-ogg-theora: a1e56fd34408186e4bbccfd4996cb3dc -> 
  custom:container-muxer-webm: aa71ff27fc2769a1b78a27578f13a17b -> 
  custom:container-demuxer-webm: 4f35f7cbe854078d1ac9338744f61a02 -> 
  custom:container-demuxer-ogg: 62fdf1f143b41e24485cea50d1cbac27 -> 
  custom:video-encoder-webm-vp8: eb34c28f22e8b96e1ab97ce403110664 -> 
  custom:framework-osx-AVFoundation: b23960f63f64bdc6ff669e2cdcee2391 -> 
  custom:video-decoder-webm-vp8: 9c59270c3fd7afecdb556c50c9e8de78 -> 
  custom:audio-decoder-ogg-vorbis: bf7c407c2cedff20999df2af8eb42d56 -> 
  custom:audio-encoder-webm-vorbis: bf7c407c2cedff20999df2af8eb42d56 -> 
========================================================================
Received Prepare
Registering precompiled user dll's ...
Registered in 0.007030 seconds.
Begin MonoManager ReloadAssembly
Native extension for OSXStandalone target not found
Native extension for WebGL target not found
Refreshing native plugins compatible for Editor in 1.09 ms, found 2 plugins.
Preloading 0 native plugins for Editor in 0.00 ms.
Mono: successfully reloaded assembly
- Completed reload, in  2.085 seconds
Domain Reload Profiling:
	ReloadAssembly (2086ms)
		BeginReloadAssembly (200ms)
			ExecutionOrderSort (0ms)
			DisableScriptedObjects (7ms)
			BackupInstance (0ms)
			ReleaseScriptingObjects (0ms)
			CreateAndSetChildDomain (111ms)
		EndReloadAssembly (1789ms)
			LoadAssemblies (138ms)
			RebuildTransferFunctionScriptingTraits (0ms)
			SetupTypeCache (658ms)
			ReleaseScriptCaches (3ms)
			RebuildScriptCaches (88ms)
			SetupLoadedEditorAssemblies (581ms)
				LogAssemblyErrors (0ms)
				InitializePlatformSupportModulesInManaged (6ms)
				SetLoadedEditorAssemblies (1ms)
				RefreshPlugins (1ms)
				BeforeProcessingInitializeOnLoad (175ms)
				ProcessInitializeOnLoadAttributes (378ms)
				ProcessInitializeOnLoadMethodAttributes (16ms)
				AfterProcessingInitializeOnLoad (3ms)
				EditorAssembliesLoaded (1ms)
			ExecutionOrderSort2 (0ms)
			AwakeInstancesAfterBackupRestoration (32ms)
Platform modules already initialized, skipping
Refreshing native plugins compatible for Editor in 1.37 ms, found 2 plugins.
Preloading 0 native plugins for Editor in 0.00 ms.
Unloading 3395 Unused Serialized files (Serialized files now loaded: 0)
System memory in use before: 388.1 MB.
System memory in use after: 388.4 MB.

Unloading 26 unused Assets to reduce memory usage. Loaded Objects now: 4257.
Total: 5.225756 ms (FindLiveObjects: 0.406365 ms CreateObjectMapping: 0.233660 ms MarkObjects: 4.553999 ms  DeleteObjects: 0.030627 ms)

AssetImportParameters requested are different than current active one (requested -> active):
  custom:video-decoder-ogg-theora: a1e56fd34408186e4bbccfd4996cb3dc -> 
  custom:container-muxer-webm: aa71ff27fc2769a1b78a27578f13a17b -> 
  custom:container-demuxer-webm: 4f35f7cbe854078d1ac9338744f61a02 -> 
  custom:container-demuxer-ogg: 62fdf1f143b41e24485cea50d1cbac27 -> 
  custom:video-encoder-webm-vp8: eb34c28f22e8b96e1ab97ce403110664 -> 
  custom:framework-osx-AVFoundation: b23960f63f64bdc6ff669e2cdcee2391 -> 
  custom:video-decoder-webm-vp8: 9c59270c3fd7afecdb556c50c9e8de78 -> 
  custom:audio-decoder-ogg-vorbis: bf7c407c2cedff20999df2af8eb42d56 -> 
  custom:audio-encoder-webm-vorbis: bf7c407c2cedff20999df2af8eb42d56 -> 
========================================================================
Received Prepare
Registering precompiled user dll's ...
Registered in 0.005526 seconds.
Begin MonoManager ReloadAssembly
Native extension for OSXStandalone target not found
Native extension for WebGL target not found
Refreshing native plugins compatible for Editor in 1.95 ms, found 2 plugins.
Preloading 0 native plugins for Editor in 0.00 ms.
Mono: successfully reloaded assembly
- Completed reload, in  4.763 seconds
Domain Reload Profiling:
	ReloadAssembly (4764ms)
		BeginReloadAssembly (414ms)
			ExecutionOrderSort (0ms)
			DisableScriptedObjects (13ms)
			BackupInstance (0ms)
			ReleaseScriptingObjects (0ms)
			CreateAndSetChildDomain (261ms)
		EndReloadAssembly (4129ms)
			LoadAssemblies (283ms)
			RebuildTransferFunctionScriptingTraits (0ms)
			SetupTypeCache (1561ms)
			ReleaseScriptCaches (5ms)
			RebuildScriptCaches (209ms)
			SetupLoadedEditorAssemblies (1338ms)
				LogAssemblyErrors (0ms)
				InitializePlatformSupportModulesInManaged (16ms)
				SetLoadedEditorAssemblies (2ms)
				RefreshPlugins (2ms)
				BeforeProcessingInitializeOnLoad (399ms)
				ProcessInitializeOnLoadAttributes (875ms)
				ProcessInitializeOnLoadMethodAttributes (42ms)
				AfterProcessingInitializeOnLoad (2ms)
				EditorAssembliesLoaded (1ms)
			ExecutionOrderSort2 (0ms)
			AwakeInstancesAfterBackupRestoration (76ms)
Platform modules already initialized, skipping
Refreshing native plugins compatible for Editor in 1.90 ms, found 2 plugins.
Preloading 0 native plugins for Editor in 0.00 ms.
Unloading 3395 Unused Serialized files (Serialized files now loaded: 0)
System memory in use before: 388.3 MB.
System memory in use after: 388.6 MB.

Unloading 26 unused Assets to reduce memory usage. Loaded Objects now: 4260.
Total: 16.180745 ms (FindLiveObjects: 1.060076 ms CreateObjectMapping: 0.716810 ms MarkObjects: 14.316187 ms  DeleteObjects: 0.084896 ms)

AssetImportParameters requested are different than current active one (requested -> active):
  custom:video-decoder-ogg-theora: a1e56fd34408186e4bbccfd4996cb3dc -> 
  custom:container-muxer-webm: aa71ff27fc2769a1b78a27578f13a17b -> 
  custom:container-demuxer-webm: 4f35f7cbe854078d1ac9338744f61a02 -> 
  custom:container-demuxer-ogg: 62fdf1f143b41e24485cea50d1cbac27 -> 
  custom:video-encoder-webm-vp8: eb34c28f22e8b96e1ab97ce403110664 -> 
  custom:framework-osx-AVFoundation: b23960f63f64bdc6ff669e2cdcee2391 -> 
  custom:video-decoder-webm-vp8: 9c59270c3fd7afecdb556c50c9e8de78 -> 
  custom:audio-decoder-ogg-vorbis: bf7c407c2cedff20999df2af8eb42d56 -> 
  custom:audio-encoder-webm-vorbis: bf7c407c2cedff20999df2af8eb42d56 -> 
========================================================================
Received Prepare
Registering precompiled user dll's ...
Registered in 0.019308 seconds.
Begin MonoManager ReloadAssembly
Native extension for OSXStandalone target not found
Native extension for WebGL target not found
Refreshing native plugins compatible for Editor in 0.92 ms, found 2 plugins.
Preloading 0 native plugins for Editor in 0.00 ms.
Mono: successfully reloaded assembly
- Completed reload, in  1.993 seconds
Domain Reload Profiling:
	ReloadAssembly (1995ms)
		BeginReloadAssembly (267ms)
			ExecutionOrderSort (0ms)
			DisableScriptedObjects (17ms)
			BackupInstance (0ms)
			ReleaseScriptingObjects (0ms)
			CreateAndSetChildDomain (164ms)
		EndReloadAssembly (1628ms)
			LoadAssemblies (200ms)
			RebuildTransferFunctionScriptingTraits (0ms)
			SetupTypeCache (558ms)
			ReleaseScriptCaches (3ms)
			RebuildScriptCaches (75ms)
			SetupLoadedEditorAssemblies (511ms)
				LogAssemblyErrors (0ms)
				InitializePlatformSupportModulesInManaged (6ms)
				SetLoadedEditorAssemblies (1ms)
				RefreshPlugins (1ms)
				BeforeProcessingInitializeOnLoad (139ms)
				ProcessInitializeOnLoadAttributes (346ms)
				ProcessInitializeOnLoadMethodAttributes (17ms)
				AfterProcessingInitializeOnLoad (1ms)
				EditorAssembliesLoaded (0ms)
			ExecutionOrderSort2 (0ms)
			AwakeInstancesAfterBackupRestoration (26ms)
Platform modules already initialized, skipping
Refreshing native plugins compatible for Editor in 1.06 ms, found 2 plugins.
Preloading 0 native plugins for Editor in 0.00 ms.
Unloading 3395 Unused Serialized files (Serialized files now loaded: 0)
System memory in use before: 388.6 MB.
System memory in use after: 388.8 MB.

Unloading 26 unused Assets to reduce memory usage. Loaded Objects now: 4263.
Total: 5.203293 ms (FindLiveObjects: 0.727121 ms CreateObjectMapping: 0.413887 ms MarkObjects: 4.027889 ms  DeleteObjects: 0.033265 ms)

AssetImportParameters requested are different than current active one (requested -> active):
  custom:video-decoder-ogg-theora: a1e56fd34408186e4bbccfd4996cb3dc -> 
  custom:container-muxer-webm: aa71ff27fc2769a1b78a27578f13a17b -> 
  custom:container-demuxer-webm: 4f35f7cbe854078d1ac9338744f61a02 -> 
  custom:container-demuxer-ogg: 62fdf1f143b41e24485cea50d1cbac27 -> 
  custom:video-encoder-webm-vp8: eb34c28f22e8b96e1ab97ce403110664 -> 
  custom:framework-osx-AVFoundation: b23960f63f64bdc6ff669e2cdcee2391 -> 
  custom:video-decoder-webm-vp8: 9c59270c3fd7afecdb556c50c9e8de78 -> 
  custom:audio-decoder-ogg-vorbis: bf7c407c2cedff20999df2af8eb42d56 -> 
  custom:audio-encoder-webm-vorbis: bf7c407c2cedff20999df2af8eb42d56 -> 
AssetImportWorkerClient::OnTransportError - code=2 error=End of file
